<?xml version="1.0" encoding="UTF-8"?>
<testng-results skipped="0" failed="1" total="4" passed="3">
  <reporter-output>
  </reporter-output>
  <suite name="Command line suite" duration-ms="31" started-at="2014-11-19T20:11:52Z" finished-at="2014-11-19T20:11:52Z">
    <groups>
    </groups>
    <test name="Command line test" duration-ms="31" started-at="2014-11-19T20:11:52Z" finished-at="2014-11-19T20:11:52Z">
      <class name="script.Smoke_Test">
        <test-method status="FAIL" signature="main()" name="main" duration-ms="0" started-at="2014-11-19T20:11:52Z" finished-at="2014-11-19T20:11:52Z">
          <exception class="java.lang.NullPointerException">
            <full-stacktrace>
              <![CDATA[java.lang.NullPointerException
	at script.Smoke_Test.main(Smoke_Test.java:30)
	at sun.reflect.NativeMethodAccessorImpl.invoke0(Native Method)
	at sun.reflect.NativeMethodAccessorImpl.invoke(Unknown Source)
	at sun.reflect.DelegatingMethodAccessorImpl.invoke(Unknown Source)
	at java.lang.reflect.Method.invoke(Unknown Source)
	at org.testng.internal.MethodInvocationHelper.invokeMethod(MethodInvocationHelper.java:80)
	at org.testng.internal.Invoker.invokeMethod(Invoker.java:673)
	at org.testng.internal.Invoker.invokeTestMethod(Invoker.java:842)
	at org.testng.internal.Invoker.invokeTestMethods(Invoker.java:1166)
	at org.testng.internal.TestMethodWorker.invokeTestMethods(TestMethodWorker.java:125)
	at org.testng.internal.TestMethodWorker.run(TestMethodWorker.java:109)
	at org.testng.TestRunner.runWorkers(TestRunner.java:1178)
	at org.testng.TestRunner.privateRun(TestRunner.java:757)
	at org.testng.TestRunner.run(TestRunner.java:608)
	at org.testng.SuiteRunner.runTest(SuiteRunner.java:334)
	at org.testng.SuiteRunner.runSequentially(SuiteRunner.java:329)
	at org.testng.SuiteRunner.privateRun(SuiteRunner.java:291)
	at org.testng.SuiteRunner.run(SuiteRunner.java:240)
	at org.testng.SuiteRunnerWorker.runSuite(SuiteRunnerWorker.java:52)
	at org.testng.SuiteRunnerWorker.run(SuiteRunnerWorker.java:86)
	at org.testng.TestNG.runSuitesSequentially(TestNG.java:1158)
	at org.testng.TestNG.runSuitesLocally(TestNG.java:1083)
	at org.testng.TestNG.run(TestNG.java:999)
	at org.apache.maven.surefire.testng.TestNGExecutor.run(TestNGExecutor.java:70)
	at org.apache.maven.surefire.testng.TestNGDirectoryTestSuite.executeMulti(TestNGDirectoryTestSuite.java:158)
	at org.apache.maven.surefire.testng.TestNGDirectoryTestSuite.execute(TestNGDirectoryTestSuite.java:98)
	at org.apache.maven.surefire.testng.TestNGProvider.invoke(TestNGProvider.java:111)
	at sun.reflect.NativeMethodAccessorImpl.invoke0(Native Method)
	at sun.reflect.NativeMethodAccessorImpl.invoke(Unknown Source)
	at sun.reflect.DelegatingMethodAccessorImpl.invoke(Unknown Source)
	at java.lang.reflect.Method.invoke(Unknown Source)
	at org.apache.maven.surefire.util.ReflectionUtils.invokeMethodWithArray(ReflectionUtils.java:164)
	at org.apache.maven.surefire.booter.ProviderFactory$ProviderProxy.invoke(ProviderFactory.java:110)
	at org.apache.maven.surefire.booter.SurefireStarter.invokeProvider(SurefireStarter.java:175)
	at org.apache.maven.surefire.booter.SurefireStarter.runSuitesInProcessWhenForked(SurefireStarter.java:107)
	at org.apache.maven.surefire.booter.ForkedBooter.main(ForkedBooter.java:68)
]]>
            </full-stacktrace>
          </exception>
        </test-method>
        <test-method status="PASS" signature="b()" name="b" is-config="true" duration-ms="0" started-at="2014-11-19T20:11:52Z" finished-at="2014-11-19T20:11:52Z">
        </test-method>
        <test-method status="PASS" signature="a()" name="a" is-config="true" duration-ms="0" started-at="2014-11-19T20:11:52Z" finished-at="2014-11-19T20:11:52Z">
        </test-method>
      </class>
      <class name="script.SmokeTest">
        <test-method status="PASS" signature="a()" name="a" is-config="true" duration-ms="0" started-at="2014-11-19T20:11:52Z" finished-at="2014-11-19T20:11:52Z">
        </test-method>
        <test-method status="PASS" signature="b()" name="b" is-config="true" duration-ms="0" started-at="2014-11-19T20:11:52Z" finished-at="2014-11-19T20:11:52Z">
        </test-method>
        <test-method status="PASS" signature="main()" name="main" duration-ms="0" started-at="2014-11-19T20:11:52Z" finished-at="2014-11-19T20:11:52Z">
        </test-method>
      </class>
      <class name="script.HvvbkjvjhgTest">
        <test-method status="PASS" signature="main()" name="main" duration-ms="0" started-at="2014-11-19T20:11:52Z" finished-at="2014-11-19T20:11:52Z">
        </test-method>
        <test-method status="PASS" signature="b()" name="b" is-config="true" duration-ms="0" started-at="2014-11-19T20:11:52Z" finished-at="2014-11-19T20:11:52Z">
        </test-method>
        <test-method status="PASS" signature="a()" name="a" is-config="true" duration-ms="0" started-at="2014-11-19T20:11:52Z" finished-at="2014-11-19T20:11:52Z">
        </test-method>
      </class>
      <class name="script.ATest">
        <test-method status="PASS" signature="b()" name="b" is-config="true" duration-ms="0" started-at="2014-11-19T20:11:52Z" finished-at="2014-11-19T20:11:52Z">
        </test-method>
        <test-method status="PASS" signature="main()" name="main" duration-ms="0" started-at="2014-11-19T20:11:52Z" finished-at="2014-11-19T20:11:52Z">
        </test-method>
        <test-method status="PASS" signature="a()" name="a" is-config="true" duration-ms="0" started-at="2014-11-19T20:11:52Z" finished-at="2014-11-19T20:11:52Z">
        </test-method>
      </class>
    </test>
  </suite>
</testng-results>
