<?xml version="1.0" encoding="UTF-8"?>
<testng-results skipped="0" failed="0" total="4" passed="4">
  <reporter-output>
  </reporter-output>
  <suite name="Command line suite" duration-ms="30776" started-at="2014-11-15T20:19:26Z" finished-at="2014-11-15T20:19:57Z">
    <groups>
    </groups>
    <test name="Command line test" duration-ms="30776" started-at="2014-11-15T20:19:26Z" finished-at="2014-11-15T20:19:57Z">
      <class name="script.Smoke_Test">
        <test-method status="PASS" signature="b()" name="b" is-config="true" duration-ms="4619" started-at="2014-11-15T20:19:47Z" finished-at="2014-11-15T20:19:51Z">
        </test-method>
        <test-method status="PASS" signature="main()" name="main" duration-ms="5944" started-at="2014-11-15T20:19:51Z" finished-at="2014-11-15T20:19:57Z">
        </test-method>
        <test-method status="PASS" signature="a()" name="a" is-config="true" duration-ms="15" started-at="2014-11-15T20:19:57Z" finished-at="2014-11-15T20:19:57Z">
        </test-method>
      </class>
      <class name="script.SmokeTest">
        <test-method status="PASS" signature="b()" name="b" is-config="true" duration-ms="4074" started-at="2014-11-15T20:19:41Z" finished-at="2014-11-15T20:19:45Z">
        </test-method>
        <test-method status="PASS" signature="main()" name="main" duration-ms="1747" started-at="2014-11-15T20:19:45Z" finished-at="2014-11-15T20:19:46Z">
        </test-method>
        <test-method status="PASS" signature="a()" name="a" is-config="true" duration-ms="141" started-at="2014-11-15T20:19:46Z" finished-at="2014-11-15T20:19:47Z">
        </test-method>
      </class>
      <class name="script.HvvbkjvjhgTest">
        <test-method status="PASS" signature="b()" name="b" is-config="true" duration-ms="3844" started-at="2014-11-15T20:19:35Z" finished-at="2014-11-15T20:19:39Z">
        </test-method>
        <test-method status="PASS" signature="main()" name="main" duration-ms="1467" started-at="2014-11-15T20:19:39Z" finished-at="2014-11-15T20:19:41Z">
        </test-method>
        <test-method status="PASS" signature="a()" name="a" is-config="true" duration-ms="124" started-at="2014-11-15T20:19:41Z" finished-at="2014-11-15T20:19:41Z">
        </test-method>
      </class>
      <class name="script.ATest">
        <test-method status="PASS" signature="b()" name="b" is-config="true" duration-ms="4199" started-at="2014-11-15T20:19:26Z" finished-at="2014-11-15T20:19:31Z">
        </test-method>
        <test-method status="PASS" signature="main()" name="main" duration-ms="3244" started-at="2014-11-15T20:19:31Z" finished-at="2014-11-15T20:19:34Z">
        </test-method>
        <test-method status="PASS" signature="a()" name="a" is-config="true" duration-ms="1342" started-at="2014-11-15T20:19:34Z" finished-at="2014-11-15T20:19:35Z">
        </test-method>
      </class>
    </test>
  </suite>
</testng-results>
